Using pre-set license
Built from '2020.3/staging' branch; Version is '2020.3.18f1 (a7d1c678663c) revision 10998214'; Using compiler version '192528614'; Build Type 'Release'
OS: 'Windows 10 Home; OS build 19042.1237; Version 2009; 64bit' Language: 'zh' Physical Memory: 3973 MB
BatchMode: 1, IsHumanControllingUs: 0, StartBugReporterOnCrash: 0, Is64bit: 1, IsPro: 0

COMMAND LINE ARGUMENTS:
C:\Program Files\Unity\Hub\Editor\2020.3.18f1\Editor\Unity.exe
-adb2
-batchMode
-noUpm
-name
AssetImportWorker0
-projectPath
C:/Users/schen/Desktop/kidclass/kidclass
-logFile
Logs/AssetImportWorker0.log
-srvPort
63889
Successfully changed project path to: C:/Users/schen/Desktop/kidclass/kidclass
C:/Users/schen/Desktop/kidclass/kidclass
Using Asset Import Pipeline V2.
Refreshing native plugins compatible for Editor in 244.35 ms, found 3 plugins.
Preloading 0 native plugins for Editor in 0.00 ms.
Initialize engine version: 2020.3.18f1 (a7d1c678663c)
[Subsystems] Discovering subsystems at path C:/Program Files/Unity/Hub/Editor/2020.3.18f1/Editor/Data/Resources/UnitySubsystems
[Subsystems] Discovering subsystems at path C:/Users/schen/Desktop/kidclass/kidclass/Assets
GfxDevice: creating device client; threaded=0
Direct3D:
    Version:  Direct3D 11.0 [level 11.1]
    Renderer: NVIDIA GeForce MX150 (ID=0x1d10)
    Vendor:   
    VRAM:     1983 MB
    Driver:   23.21.13.9125
Initialize mono
Mono path[0] = 'C:/Program Files/Unity/Hub/Editor/2020.3.18f1/Editor/Data/Managed'
Mono path[1] = 'C:/Program Files/Unity/Hub/Editor/2020.3.18f1/Editor/Data/MonoBleedingEdge/lib/mono/unityjit'
Mono config path = 'C:/Program Files/Unity/Hub/Editor/2020.3.18f1/Editor/Data/MonoBleedingEdge/etc'
Using monoOptions --debugger-agent=transport=dt_socket,embedding=1,server=y,suspend=n,address=127.0.0.1:56536
Begin MonoManager ReloadAssembly
Registering precompiled unity dll's ...
Register platform support module: C:/Program Files/Unity/Hub/Editor/2020.3.18f1/Editor/Data/PlaybackEngines/WebGLSupport/UnityEditor.WebGL.Extensions.dll
Register platform support module: C:/Program Files/Unity/Hub/Editor/2020.3.18f1/Editor/Data/PlaybackEngines/WindowsStandaloneSupport/UnityEditor.WindowsStandalone.Extensions.dll
Registered in 0.009107 seconds.
Native extension for WindowsStandalone target not found
Native extension for WebGL target not found
Refreshing native plugins compatible for Editor in 210.87 ms, found 3 plugins.
Preloading 0 native plugins for Editor in 0.00 ms.
Mono: successfully reloaded assembly
- Completed reload, in  9.896 seconds
Domain Reload Profiling:
	ReloadAssembly (9897ms)
		BeginReloadAssembly (314ms)
			ExecutionOrderSort (0ms)
			DisableScriptedObjects (0ms)
			BackupInstance (0ms)
			ReleaseScriptingObjects (0ms)
			CreateAndSetChildDomain (5ms)
		EndReloadAssembly (1479ms)
			LoadAssemblies (301ms)
			RebuildTransferFunctionScriptingTraits (2ms)
			SetupTypeCache (512ms)
			ReleaseScriptCaches (0ms)
			RebuildScriptCaches (101ms)
			SetupLoadedEditorAssemblies (574ms)
				LogAssemblyErrors (0ms)
				InitializePlatformSupportModulesInManaged (77ms)
				SetLoadedEditorAssemblies (2ms)
				RefreshPlugins (211ms)
				BeforeProcessingInitializeOnLoad (21ms)
				ProcessInitializeOnLoadAttributes (195ms)
				ProcessInitializeOnLoadMethodAttributes (66ms)
				AfterProcessingInitializeOnLoad (0ms)
				EditorAssembliesLoaded (1ms)
			ExecutionOrderSort2 (0ms)
			AwakeInstancesAfterBackupRestoration (0ms)
Platform modules already initialized, skipping
Registering precompiled user dll's ...
Registered in 0.015715 seconds.
Begin MonoManager ReloadAssembly
Native extension for WindowsStandalone target not found
Native extension for WebGL target not found
Refreshing native plugins compatible for Editor in 146.84 ms, found 3 plugins.
Preloading 0 native plugins for Editor in 0.00 ms.
Mono: successfully reloaded assembly
- Completed reload, in  3.099 seconds
Domain Reload Profiling:
	ReloadAssembly (3104ms)
		BeginReloadAssembly (568ms)
			ExecutionOrderSort (0ms)
			DisableScriptedObjects (12ms)
			BackupInstance (0ms)
			ReleaseScriptingObjects (0ms)
			CreateAndSetChildDomain (94ms)
		EndReloadAssembly (2342ms)
			LoadAssemblies (350ms)
			RebuildTransferFunctionScriptingTraits (0ms)
			SetupTypeCache (651ms)
			ReleaseScriptCaches (1ms)
			RebuildScriptCaches (115ms)
			SetupLoadedEditorAssemblies (898ms)
				LogAssemblyErrors (0ms)
				InitializePlatformSupportModulesInManaged (18ms)
				SetLoadedEditorAssemblies (1ms)
				RefreshPlugins (151ms)
				BeforeProcessingInitializeOnLoad (162ms)
				ProcessInitializeOnLoadAttributes (500ms)
				ProcessInitializeOnLoadMethodAttributes (40ms)
				AfterProcessingInitializeOnLoad (26ms)
				EditorAssembliesLoaded (1ms)
			ExecutionOrderSort2 (0ms)
			AwakeInstancesAfterBackupRestoration (14ms)
Platform modules already initialized, skipping
========================================================================
Worker process is ready to serve import requests
Launched and connected shader compiler UnityShaderCompiler.exe after 0.16 seconds
Refreshing native plugins compatible for Editor in 0.89 ms, found 3 plugins.
Preloading 0 native plugins for Editor in 0.00 ms.
Unloading 2090 Unused Serialized files (Serialized files now loaded: 0)
System memory in use before: 93.1 MB.
System memory in use after: 93.2 MB.

Unloading 26 unused Assets to reduce memory usage. Loaded Objects now: 2530.
Total: 7.886500 ms (FindLiveObjects: 0.472600 ms CreateObjectMapping: 0.175800 ms MarkObjects: 6.307200 ms  DeleteObjects: 0.928100 ms)

AssetImportParameters requested are different than current active one (requested -> active):
  custom:framework-win-MediaFoundation: 216162199b28c13a410421893ffa2e32 -> 
  custom:video-decoder-ogg-theora: a1e56fd34408186e4bbccfd4996cb3dc -> 
  custom:container-muxer-webm: aa71ff27fc2769a1b78a27578f13a17b -> 
  custom:container-demuxer-webm: 4f35f7cbe854078d1ac9338744f61a02 -> 
  custom:container-demuxer-ogg: 62fdf1f143b41e24485cea50d1cbac27 -> 
  custom:video-encoder-webm-vp8: eb34c28f22e8b96e1ab97ce403110664 -> 
  custom:video-codec-MediaFoundation-h265: 746d11721c4dcdbdad8f713fa42b33f4 -> 
  custom:video-decoder-webm-vp8: 9c59270c3fd7afecdb556c50c9e8de78 -> 
  custom:audio-decoder-ogg-vorbis: bf7c407c2cedff20999df2af8eb42d56 -> 
  custom:audio-encoder-webm-vorbis: bf7c407c2cedff20999df2af8eb42d56 -> 
========================================================================
Received Import Request.
  path: Assets/Cainos/Pixel Art Platformer - Village Props/Texture/TX Particle Flame.png
  artifactKey: Guid(cfcfd3af954eeb54cb041fe6d75a983b) Importer(815301076,1909f56bfc062723c751e8b465ee728b)
Start importing Assets/Cainos/Pixel Art Platformer - Village Props/Texture/TX Particle Flame.png using Guid(cfcfd3af954eeb54cb041fe6d75a983b) Importer(815301076,1909f56bfc062723c751e8b465ee728b)  -> (artifact id: '9b649fbf92f9b07c08fbed0a308f080f') in 0.468212 seconds 
  Import took 0.487625 seconds .

========================================================================
Received Import Request.
  Time since last request: 1257.345305 seconds.
  path: Assets/Cainos/Pixel Art Platformer - Village Props/Texture/TX Tileset Ground.png
  artifactKey: Guid(157cbc340d2b7e64ab85168e80e95550) Importer(815301076,1909f56bfc062723c751e8b465ee728b)
Start importing Assets/Cainos/Pixel Art Platformer - Village Props/Texture/TX Tileset Ground.png using Guid(157cbc340d2b7e64ab85168e80e95550) Importer(815301076,1909f56bfc062723c751e8b465ee728b)  -> (artifact id: '01261ef3108982642bd5cf6a8558345e') in 0.430845 seconds 
  Import took 0.539861 seconds .

========================================================================
Received Import Request.
  Time since last request: 15.896588 seconds.
  path: Assets/Cainos/Pixel Art Platformer - Village Props/Texture/TX Tileset Ground.png
  artifactKey: Guid(157cbc340d2b7e64ab85168e80e95550) Importer(815301076,1909f56bfc062723c751e8b465ee728b)
Start importing Assets/Cainos/Pixel Art Platformer - Village Props/Texture/TX Tileset Ground.png using Guid(157cbc340d2b7e64ab85168e80e95550) Importer(815301076,1909f56bfc062723c751e8b465ee728b)  -> (artifact id: 'fe34f88fd0fe0034fc70acaa47de2fee') in 1.589854 seconds 
  Import took 1.602056 seconds .

========================================================================
Received Import Request.
  Time since last request: 12956.215255 seconds.
  path: Assets/Cainos/Pixel Art Platformer - Village Props/Texture/TX Tileset Ground.png
  artifactKey: Guid(157cbc340d2b7e64ab85168e80e95550) Importer(815301076,1909f56bfc062723c751e8b465ee728b)
Start importing Assets/Cainos/Pixel Art Platformer - Village Props/Texture/TX Tileset Ground.png using Guid(157cbc340d2b7e64ab85168e80e95550) Importer(815301076,1909f56bfc062723c751e8b465ee728b)  -> (artifact id: '39eca36a7ba711a92590b8573ef0c044') in 0.253864 seconds 
  Import took 0.388042 seconds .

========================================================================
Received Import Request.
  Time since last request: 225.362999 seconds.
  path: Assets/Cainos/Pixel Art Platformer - Village Props/Texture/TX Tileset Ground.png
  artifactKey: Guid(157cbc340d2b7e64ab85168e80e95550) Importer(815301076,1909f56bfc062723c751e8b465ee728b)
Start importing Assets/Cainos/Pixel Art Platformer - Village Props/Texture/TX Tileset Ground.png using Guid(157cbc340d2b7e64ab85168e80e95550) Importer(815301076,1909f56bfc062723c751e8b465ee728b)  -> (artifact id: 'ac4e9115fb39c2d4fc3666fb91ec96c3') in 1.084002 seconds 
  Import took 1.184685 seconds .

========================================================================
Received Import Request.
  Time since last request: 185.206320 seconds.
  path: Assets/Cainos/Pixel Art Platformer - Village Props/Texture/TX Particle Flame.png
  artifactKey: Guid(cfcfd3af954eeb54cb041fe6d75a983b) Importer(815301076,1909f56bfc062723c751e8b465ee728b)
Start importing Assets/Cainos/Pixel Art Platformer - Village Props/Texture/TX Particle Flame.png using Guid(cfcfd3af954eeb54cb041fe6d75a983b) Importer(815301076,1909f56bfc062723c751e8b465ee728b)  -> (artifact id: 'e5e6c49ed2b3fa218a28257101c7ba96') in 0.078578 seconds 
  Import took 0.143006 seconds .

========================================================================
Received Import Request.
  Time since last request: 156.087805 seconds.
  path: Assets/Cainos/Pixel Art Platformer - Village Props/Texture/TX Particle Flame.png
  artifactKey: Guid(cfcfd3af954eeb54cb041fe6d75a983b) Importer(815301076,1909f56bfc062723c751e8b465ee728b)
Start importing Assets/Cainos/Pixel Art Platformer - Village Props/Texture/TX Particle Flame.png using Guid(cfcfd3af954eeb54cb041fe6d75a983b) Importer(815301076,1909f56bfc062723c751e8b465ee728b)  -> (artifact id: '74773fa7fb97ff4de56f95a19a7d3790') in 0.319544 seconds 
  Import took 0.436640 seconds .

========================================================================
Received Import Request.
  Time since last request: 76.736410 seconds.
  path: Assets/Cainos/Pixel Art Platformer - Village Props/Prefab/PF Village Props - Chest Silver.prefab
  artifactKey: Guid(7f2681b23c23afc4fbb43c6dca9f41f9) Importer(815301076,1909f56bfc062723c751e8b465ee728b)
Start importing Assets/Cainos/Pixel Art Platformer - Village Props/Prefab/PF Village Props - Chest Silver.prefab using Guid(7f2681b23c23afc4fbb43c6dca9f41f9) Importer(815301076,1909f56bfc062723c751e8b465ee728b)  -> (artifact id: '867322edd777c657e0b388ea420e491d') in 0.812645 seconds 
  Import took 0.888562 seconds .

========================================================================
Received Import Request.
  Time since last request: 3527.869331 seconds.
  path: Assets/kidclass.unity
  artifactKey: Guid(3585e1edc5fbc614a85fd46a1cda0ce9) Importer(815301076,1909f56bfc062723c751e8b465ee728b)
Start importing Assets/kidclass.unity using Guid(3585e1edc5fbc614a85fd46a1cda0ce9) Importer(815301076,1909f56bfc062723c751e8b465ee728b)  -> (artifact id: '1b5373a6f7015ef7d7d63d81955a4bd7') in 0.117934 seconds 
  Import took 0.248022 seconds .

========================================================================
Received Import Request.
  Time since last request: 613.163364 seconds.
  path: Assets/調色盤/物件調色盤.prefab
  artifactKey: Guid(23a750dab7eba174aac05840990b65d2) Importer(815301076,1909f56bfc062723c751e8b465ee728b)
Start importing Assets/調色盤/物件調色盤.prefab using Guid(23a750dab7eba174aac05840990b65d2) Importer(815301076,1909f56bfc062723c751e8b465ee728b)  -> (artifact id: 'cadf8afe4204a3952ef00eead6fc5b2b') in 0.270885 seconds 
  Import took 0.364249 seconds .

========================================================================
Received Import Request.
  Time since last request: 155.340326 seconds.
  path: Assets/調色盤/TX Village Props_7.asset
  artifactKey: Guid(c90615c25cd004f4c92225ae195cf0e9) Importer(815301076,1909f56bfc062723c751e8b465ee728b)
Start importing Assets/調色盤/TX Village Props_7.asset using Guid(c90615c25cd004f4c92225ae195cf0e9) Importer(815301076,1909f56bfc062723c751e8b465ee728b)  -> (artifact id: 'cec3547454e8ae8b2b70aaed9064e7bd') in 0.360571 seconds 
  Import took 0.446430 seconds .

========================================================================
Received Import Request.
  Time since last request: 0.000704 seconds.
  path: Assets/調色盤/TX Village Props_9.asset
  artifactKey: Guid(c66bf2aad57a5404bae6c1a62c04214e) Importer(815301076,1909f56bfc062723c751e8b465ee728b)
Start importing Assets/調色盤/TX Village Props_9.asset using Guid(c66bf2aad57a5404bae6c1a62c04214e) Importer(815301076,1909f56bfc062723c751e8b465ee728b)  -> (artifact id: '807ddad0d6d3eda58e6e0f4a4b9873e2') in 0.038815 seconds 
  Import took 0.045435 seconds .

========================================================================
Received Import Request.
  Time since last request: 0.000445 seconds.
  path: Assets/調色盤/TX Village Props_8.asset
  artifactKey: Guid(e028b4e3b49567b4cbc6d580801660c0) Importer(815301076,1909f56bfc062723c751e8b465ee728b)
Start importing Assets/調色盤/TX Village Props_8.asset using Guid(e028b4e3b49567b4cbc6d580801660c0) Importer(815301076,1909f56bfc062723c751e8b465ee728b)  -> (artifact id: '6b6a65c91c661707842c9b36437729c6') in 0.040158 seconds 
  Import took 0.055829 seconds .

========================================================================
Received Import Request.
  Time since last request: 0.000409 seconds.
  path: Assets/調色盤/物件調色盤.prefab
  artifactKey: Guid(23a750dab7eba174aac05840990b65d2) Importer(815301076,1909f56bfc062723c751e8b465ee728b)
Start importing Assets/調色盤/物件調色盤.prefab using Guid(23a750dab7eba174aac05840990b65d2) Importer(815301076,1909f56bfc062723c751e8b465ee728b)  -> (artifact id: '95f7f095f639a45a3eb233975fa432d3') in 0.081751 seconds 
  Import took 0.092164 seconds .

========================================================================
Received Import Request.
  Time since last request: 458.479092 seconds.
  path: Assets/Cainos/Pixel Art Platformer - Village Props/Tileset Palette/TP Ground.prefab
  artifactKey: Guid(027db5ce1ff2f4142b49c3de3b59625a) Importer(815301076,1909f56bfc062723c751e8b465ee728b)
Start importing Assets/Cainos/Pixel Art Platformer - Village Props/Tileset Palette/TP Ground.prefab using Guid(027db5ce1ff2f4142b49c3de3b59625a) Importer(815301076,1909f56bfc062723c751e8b465ee728b)  -> (artifact id: '2d422d4b31cb10ef4a6a61c7e68158be') in 0.418151 seconds 
  Import took 0.523953 seconds .

========================================================================
Received Import Request.
  Time since last request: 44.062658 seconds.
  path: Assets/調色盤/物件調色盤.prefab
  artifactKey: Guid(23a750dab7eba174aac05840990b65d2) Importer(815301076,1909f56bfc062723c751e8b465ee728b)
Start importing Assets/調色盤/物件調色盤.prefab using Guid(23a750dab7eba174aac05840990b65d2) Importer(815301076,1909f56bfc062723c751e8b465ee728b)  -> (artifact id: '3e2e7d99fd2f89eca11c9607725b5ebd') in 0.052258 seconds 
  Import took 0.061744 seconds .

========================================================================
Received Import Request.
  Time since last request: 507.412969 seconds.
  path: Assets/Cainos/Pixel Art Platformer - Village Props/Tileset Palette/TP Ground.prefab
  artifactKey: Guid(027db5ce1ff2f4142b49c3de3b59625a) Importer(815301076,1909f56bfc062723c751e8b465ee728b)
Start importing Assets/Cainos/Pixel Art Platformer - Village Props/Tileset Palette/TP Ground.prefab using Guid(027db5ce1ff2f4142b49c3de3b59625a) Importer(815301076,1909f56bfc062723c751e8b465ee728b)  -> (artifact id: '960de8d6c77c8b35d6df789298ff669c') in 0.396156 seconds 
  Import took 0.516158 seconds .

========================================================================
Received Import Request.
  Time since last request: 61.666822 seconds.
  path: Assets/Cainos/Pixel Art Platformer - Village Props/Tileset Palette/TP Ground.prefab
  artifactKey: Guid(027db5ce1ff2f4142b49c3de3b59625a) Importer(815301076,1909f56bfc062723c751e8b465ee728b)
Start importing Assets/Cainos/Pixel Art Platformer - Village Props/Tileset Palette/TP Ground.prefab using Guid(027db5ce1ff2f4142b49c3de3b59625a) Importer(815301076,1909f56bfc062723c751e8b465ee728b)  -> (artifact id: 'd3887b645aec4ae2725ce9307a2bca62') in 0.233769 seconds 
  Import took 0.246236 seconds .

========================================================================
Received Import Request.
  Time since last request: 48.971440 seconds.
  path: Assets/Cainos/Pixel Art Platformer - Village Props/Tileset Palette/TP Ground.prefab
  artifactKey: Guid(027db5ce1ff2f4142b49c3de3b59625a) Importer(815301076,1909f56bfc062723c751e8b465ee728b)
Start importing Assets/Cainos/Pixel Art Platformer - Village Props/Tileset Palette/TP Ground.prefab using Guid(027db5ce1ff2f4142b49c3de3b59625a) Importer(815301076,1909f56bfc062723c751e8b465ee728b)  -> (artifact id: 'afe5ea98c4bb5ae626a67e5fb76e4986') in 0.203507 seconds 
  Import took 0.216708 seconds .

========================================================================
Received Import Request.
  Time since last request: 175.764613 seconds.
  path: Assets/Cainos/Pixel Art Platformer - Village Props/Tileset Palette/TP Ground.prefab
  artifactKey: Guid(027db5ce1ff2f4142b49c3de3b59625a) Importer(815301076,1909f56bfc062723c751e8b465ee728b)
Start importing Assets/Cainos/Pixel Art Platformer - Village Props/Tileset Palette/TP Ground.prefab using Guid(027db5ce1ff2f4142b49c3de3b59625a) Importer(815301076,1909f56bfc062723c751e8b465ee728b)  -> (artifact id: '49a8f15003bf253c452c3df0c446e3bf') in 0.242193 seconds 
  Import took 0.273984 seconds .

========================================================================
Received Import Request.
  Time since last request: 26.827959 seconds.
  path: Assets/Cainos/Pixel Art Platformer - Village Props/Tileset Palette/TP Ground.prefab
  artifactKey: Guid(027db5ce1ff2f4142b49c3de3b59625a) Importer(815301076,1909f56bfc062723c751e8b465ee728b)
Start importing Assets/Cainos/Pixel Art Platformer - Village Props/Tileset Palette/TP Ground.prefab using Guid(027db5ce1ff2f4142b49c3de3b59625a) Importer(815301076,1909f56bfc062723c751e8b465ee728b)  -> (artifact id: '6f4c9c237fc073f32c5b515f03592970') in 0.219673 seconds 
  Import took 0.229589 seconds .

========================================================================
Received Import Request.
  Time since last request: 17.099666 seconds.
  path: Assets/Cainos/Pixel Art Platformer - Village Props/Tileset Palette/TP Ground.prefab
  artifactKey: Guid(027db5ce1ff2f4142b49c3de3b59625a) Importer(815301076,1909f56bfc062723c751e8b465ee728b)
Start importing Assets/Cainos/Pixel Art Platformer - Village Props/Tileset Palette/TP Ground.prefab using Guid(027db5ce1ff2f4142b49c3de3b59625a) Importer(815301076,1909f56bfc062723c751e8b465ee728b)  -> (artifact id: '14ac0b2fa4e4f7a0c1cc4d062d7f3523') in 0.216061 seconds 
  Import took 0.226596 seconds .

========================================================================
Received Import Request.
  Time since last request: 154.189259 seconds.
  path: Assets/Cainos/Pixel Art Platformer - Village Props/Tileset Palette/TP Ground.prefab
  artifactKey: Guid(027db5ce1ff2f4142b49c3de3b59625a) Importer(815301076,1909f56bfc062723c751e8b465ee728b)
Start importing Assets/Cainos/Pixel Art Platformer - Village Props/Tileset Palette/TP Ground.prefab using Guid(027db5ce1ff2f4142b49c3de3b59625a) Importer(815301076,1909f56bfc062723c751e8b465ee728b)  -> (artifact id: '69c00ee0c8cd8ed6e6499c50b090db81') in 0.324003 seconds 
  Import took 0.417830 seconds .

========================================================================
Received Import Request.
  Time since last request: 299.980561 seconds.
  path: Assets/Cainos/Pixel Art Platformer - Village Props/Tileset Palette/TP Ground.prefab
  artifactKey: Guid(027db5ce1ff2f4142b49c3de3b59625a) Importer(815301076,1909f56bfc062723c751e8b465ee728b)
Start importing Assets/Cainos/Pixel Art Platformer - Village Props/Tileset Palette/TP Ground.prefab using Guid(027db5ce1ff2f4142b49c3de3b59625a) Importer(815301076,1909f56bfc062723c751e8b465ee728b)  -> (artifact id: 'eaf008b7ae00b9a3cb77352ab7ea3211') in 0.313797 seconds 
  Import took 0.399794 seconds .

AssetImportWorkerClient::OnTransportError - code=2 error=End of file
