Using pre-set license
Built from '2020.3/staging' branch; Version is '2020.3.18f1 (a7d1c678663c) revision 10998214'; Using compiler version '192528614'; Build Type 'Release'
OS: 'Windows 10 Home; OS build 19042.1237; Version 2009; 64bit' Language: 'zh' Physical Memory: 3973 MB
BatchMode: 1, IsHumanControllingUs: 0, StartBugReporterOnCrash: 0, Is64bit: 1, IsPro: 0

COMMAND LINE ARGUMENTS:
C:\Program Files\Unity\Hub\Editor\2020.3.18f1\Editor\Unity.exe
-adb2
-batchMode
-noUpm
-name
AssetImportWorker1
-projectPath
C:/Users/schen/Desktop/kidclass/kidclass
-logFile
Logs/AssetImportWorker1.log
-srvPort
55085
Successfully changed project path to: C:/Users/schen/Desktop/kidclass/kidclass
C:/Users/schen/Desktop/kidclass/kidclass
Using Asset Import Pipeline V2.
Refreshing native plugins compatible for Editor in 189.61 ms, found 3 plugins.
Preloading 0 native plugins for Editor in 0.00 ms.
Initialize engine version: 2020.3.18f1 (a7d1c678663c)
[Subsystems] Discovering subsystems at path C:/Program Files/Unity/Hub/Editor/2020.3.18f1/Editor/Data/Resources/UnitySubsystems
[Subsystems] Discovering subsystems at path C:/Users/schen/Desktop/kidclass/kidclass/Assets
GfxDevice: creating device client; threaded=0
Direct3D:
    Version:  Direct3D 11.0 [level 11.1]
    Renderer: NVIDIA GeForce MX150 (ID=0x1d10)
    Vendor:   
    VRAM:     1983 MB
    Driver:   23.21.13.9125
Initialize mono
Mono path[0] = 'C:/Program Files/Unity/Hub/Editor/2020.3.18f1/Editor/Data/Managed'
Mono path[1] = 'C:/Program Files/Unity/Hub/Editor/2020.3.18f1/Editor/Data/MonoBleedingEdge/lib/mono/unityjit'
Mono config path = 'C:/Program Files/Unity/Hub/Editor/2020.3.18f1/Editor/Data/MonoBleedingEdge/etc'
Using monoOptions --debugger-agent=transport=dt_socket,embedding=1,server=y,suspend=n,address=127.0.0.1:56448
Received signal SIGSEGV
Stack trace:
0x00007ff64d96841a (Unity) 
0x00007ff64d95d324 (Unity) 
0x00007ff64d9449a5 (Unity) 
0x00007ff64d959d8c (Unity) 
0x00007ff64cfac838 (Unity) 
0x00007ff64d4a5bc9 (Unity) 
0x00007ff64da1a68a (Unity) 
0x00007ff64e888420 (Unity) 
0x00007ff64ebc2e75 (Unity) 
0x00007ff64ce8263d (Unity) 
0x00007ff64e777b69 (Unity) 
0x00007ff64e837697 (Unity) 
0x00007ff64e861de1 (Unity) 
0x00007ff64fc41c89 (Unity) 
0x00007ff64ff3507b (Unity) 
0x00007ff64f59135d (Unity) 
0x00007ff64ff393e2 (Unity) 
0x00007ff651d8bf46 (Unity) 
0x00007ffcd82d7034 (KERNEL32) 
0x00007ffcd9c62651 (ntdll) 

